0 info it worked if it ends with ok
1 verbose cli [ 'C:\\Program Files\\nodejs\\node.exe',
1 verbose cli   'C:\\Program Files\\nodejs\\node_modules\\npm\\bin\\npm-cli.js',
1 verbose cli   'run',
1 verbose cli   'build' ]
2 info using npm@3.10.3
3 info using node@v6.5.0
4 verbose run-script [ 'prebuild', 'build', 'postbuild' ]
5 info lifecycle robin-frontend@1.0.0~prebuild: robin-frontend@1.0.0
6 silly lifecycle robin-frontend@1.0.0~prebuild: no script for prebuild, continuing
7 info lifecycle robin-frontend@1.0.0~build: robin-frontend@1.0.0
8 verbose lifecycle robin-frontend@1.0.0~build: unsafe-perm in lifecycle true
9 verbose lifecycle robin-frontend@1.0.0~build: PATH: C:\Program Files\nodejs\node_modules\npm\bin\node-gyp-bin;E:\projects\robin\src\main\resources\node_modules\.bin;C:\Program Files\nodejs;C:\Users\Phu\bin;C:\Users\Phu\AppData\Local\GitHub\PortableGit_63435a79518b44808827aa3194b76bea96231189\usr\local\bin;C:\Users\Phu\AppData\Local\GitHub\PortableGit_63435a79518b44808827aa3194b76bea96231189\usr\bin;C:\Users\Phu\AppData\Local\GitHub\PortableGit_63435a79518b44808827aa3194b76bea96231189\usr\bin;C:\Users\Phu\AppData\Local\GitHub\PortableGit_63435a79518b44808827aa3194b76bea96231189\cmd;C:\Users\Phu\AppData\Local\GitHub\PortableGit_63435a79518b44808827aa3194b76bea96231189\usr\bin;C:\Users\Phu\AppData\Local\GitHub\PortableGit_63435a79518b44808827aa3194b76bea96231189\usr\share\git-tfs;C:\Users\Phu\AppData\Local\Apps\2.0\NK4WW4PH.Z6E\PAX7RG13.A6W\gith..tion_317444273a93ac29_0003.0003_7524e8363d96b294;C:\Users\Phu\AppData\Local\GitHub\lfs-amd64_1.3.1;C:\ProgramData\Oracle\Java\javapath;C:\Windows\system32;C:\Windows;C:\Windows\System32\Wbem;C:\Windows\System32\WindowsPowerShell\v1.0;C:\Program Files\nodejs;C:\Program Files (x86)\Microsoft SQL Server\110\Tools\Binn;C:\Program Files\Microsoft SQL Server\110\Tools\Binn;C:\Program Files\Microsoft SQL Server\110\DTS\Binn;C:\Program Files (x86)\Microsoft SQL Server\110\Tools\Binn\ManagementStudio;C:\Program Files (x86)\Microsoft Visual Studio 10.0\Common7\IDE\PrivateAssemblies;C:\Program Files (x86)\Microsoft SQL Server\110\DTS\Binn;C:\Users\Phu\AppData\Local\Microsoft\WindowsApps;C:\Users\Phu\AppData\Roaming\npm;C:\Users\Phu\AppData\Local\atom\bin;C:\Windows\Microsoft.NET\Framework\v4.0.30319;C:\Users\Phu\AppData\Local\GitHub\PortableGit_63435a79518b44808827aa3194b76bea96231189\usr\bin\vendor_perl;C:\Users\Phu\AppData\Local\GitHub\PortableGit_63435a79518b44808827aa3194b76bea96231189\usr\bin\core_perl
10 verbose lifecycle robin-frontend@1.0.0~build: CWD: E:\projects\robin\src\main\resources
11 silly lifecycle robin-frontend@1.0.0~build: Args: [ '/d /s /c', 'node ./node_modules/bin/gulp.js' ]
12 silly lifecycle robin-frontend@1.0.0~build: Returned: code: 1  signal: null
13 info lifecycle robin-frontend@1.0.0~build: Failed to exec build script
14 verbose stack Error: robin-frontend@1.0.0 build: `node ./node_modules/bin/gulp.js`
14 verbose stack Exit status 1
14 verbose stack     at EventEmitter.<anonymous> (C:\Program Files\nodejs\node_modules\npm\lib\utils\lifecycle.js:242:16)
14 verbose stack     at emitTwo (events.js:106:13)
14 verbose stack     at EventEmitter.emit (events.js:191:7)
14 verbose stack     at ChildProcess.<anonymous> (C:\Program Files\nodejs\node_modules\npm\lib\utils\spawn.js:40:14)
14 verbose stack     at emitTwo (events.js:106:13)
14 verbose stack     at ChildProcess.emit (events.js:191:7)
14 verbose stack     at maybeClose (internal/child_process.js:877:16)
14 verbose stack     at Process.ChildProcess._handle.onexit (internal/child_process.js:226:5)
15 verbose pkgid robin-frontend@1.0.0
16 verbose cwd E:\projects\robin\src\main\resources
17 error Windows_NT 10.0.14393
18 error argv "C:\\Program Files\\nodejs\\node.exe" "C:\\Program Files\\nodejs\\node_modules\\npm\\bin\\npm-cli.js" "run" "build"
19 error node v6.5.0
20 error npm  v3.10.3
21 error code ELIFECYCLE
22 error robin-frontend@1.0.0 build: `node ./node_modules/bin/gulp.js`
22 error Exit status 1
23 error Failed at the robin-frontend@1.0.0 build script 'node ./node_modules/bin/gulp.js'.
23 error Make sure you have the latest version of node.js and npm installed.
23 error If you do, this is most likely a problem with the robin-frontend package,
23 error not with npm itself.
23 error Tell the author that this fails on your system:
23 error     node ./node_modules/bin/gulp.js
23 error You can get information on how to open an issue for this project with:
23 error     npm bugs robin-frontend
23 error Or if that isn't available, you can get their info via:
23 error     npm owner ls robin-frontend
23 error There is likely additional logging output above.
24 verbose exit [ 1, true ]
